2020-02-22 00:03:08.271  INFO 46860 --- [SpringContextShutdownHook] o.s.s.concurrent.ThreadPoolTaskExecutor  : Shutting down ExecutorService 'applicationTaskExecutor'
2020-02-22 00:03:10.644  INFO 47408 --- [main] c.allwayz.freeseed.FreeseedApplication   : Starting FreeseedApplication on AllwayzdeiMac.local with PID 47408 (/Volumes/Macintosh/Document/git/FreeSeed/target/classes started by allwayz in /Volumes/Macintosh/Document/git/FreeSeed)
2020-02-22 00:03:10.645  INFO 47408 --- [main] c.allwayz.freeseed.FreeseedApplication   : No active profile set, falling back to default profiles: default
2020-02-22 00:03:10.971  WARN 47408 --- [main] o.m.s.mapper.ClassPathMapperScanner      : No MyBatis mapper was found in '[com.allwayz.freeseed]' package. Please check your configuration.
2020-02-22 00:03:11.279  INFO 47408 --- [main] o.s.b.w.embedded.tomcat.TomcatWebServer  : Tomcat initialized with port(s): 8990 (http)
2020-02-22 00:03:11.285  INFO 47408 --- [main] o.apache.catalina.core.StandardService   : Starting service [Tomcat]
2020-02-22 00:03:11.285  INFO 47408 --- [main] org.apache.catalina.core.StandardEngine  : Starting Servlet engine: [Apache Tomcat/9.0.30]
2020-02-22 00:03:11.424  INFO 47408 --- [main] org.apache.jasper.servlet.TldScanner     : At least one JAR was scanned for TLDs yet contained no TLDs. Enable debug logging for this logger for a complete list of JARs that were scanned but no TLDs were found in them. Skipping unneeded JARs during scanning can improve startup time and JSP compilation time.
2020-02-22 00:03:11.431  INFO 47408 --- [main] o.a.c.c.C.[Tomcat].[localhost].[/]       : Initializing Spring embedded WebApplicationContext
2020-02-22 00:03:11.431  INFO 47408 --- [main] o.s.web.context.ContextLoader            : Root WebApplicationContext: initialization completed in 765 ms
2020-02-22 00:03:11.880  INFO 47408 --- [main] o.s.s.concurrent.ThreadPoolTaskExecutor  : Initializing ExecutorService 'applicationTaskExecutor'
2020-02-22 00:03:11.918  INFO 47408 --- [main] o.s.b.a.w.s.WelcomePageHandlerMapping    : Adding welcome page: class path resource [templates/index.html]
2020-02-22 00:03:12.032  INFO 47408 --- [main] o.s.b.w.embedded.tomcat.TomcatWebServer  : Tomcat started on port(s): 8990 (http) with context path ''
2020-02-22 00:03:12.034  INFO 47408 --- [main] c.allwayz.freeseed.FreeseedApplication   : Started FreeseedApplication in 1.677 seconds (JVM running for 2.372)
2020-02-22 00:03:13.363  INFO 47408 --- [http-nio-8990-exec-1] o.a.c.c.C.[Tomcat].[localhost].[/]       : Initializing Spring DispatcherServlet 'dispatcherServlet'
2020-02-22 00:03:13.364  INFO 47408 --- [http-nio-8990-exec-1] o.s.web.servlet.DispatcherServlet        : Initializing Servlet 'dispatcherServlet'
2020-02-22 00:03:13.368  INFO 47408 --- [http-nio-8990-exec-1] o.s.web.servlet.DispatcherServlet        : Completed initialization in 4 ms
2020-02-22 00:03:21.432  INFO 47408 --- [SpringContextShutdownHook] o.s.s.concurrent.ThreadPoolTaskExecutor  : Shutting down ExecutorService 'applicationTaskExecutor'
2020-02-22 00:03:50.382  INFO 47433 --- [main] c.allwayz.freeseed.FreeseedApplication   : Starting FreeseedApplication on AllwayzdeiMac.local with PID 47433 (/Volumes/Macintosh/Document/git/FreeSeed/target/classes started by allwayz in /Volumes/Macintosh/Document/git/FreeSeed)
2020-02-22 00:03:50.384  INFO 47433 --- [main] c.allwayz.freeseed.FreeseedApplication   : No active profile set, falling back to default profiles: default
2020-02-22 00:03:50.723  WARN 47433 --- [main] o.m.s.mapper.ClassPathMapperScanner      : No MyBatis mapper was found in '[com.allwayz.freeseed]' package. Please check your configuration.
2020-02-22 00:03:51.009  INFO 47433 --- [main] o.s.b.w.embedded.tomcat.TomcatWebServer  : Tomcat initialized with port(s): 8990 (http)
2020-02-22 00:03:51.015  INFO 47433 --- [main] o.apache.catalina.core.StandardService   : Starting service [Tomcat]
2020-02-22 00:03:51.015  INFO 47433 --- [main] org.apache.catalina.core.StandardEngine  : Starting Servlet engine: [Apache Tomcat/9.0.30]
2020-02-22 00:03:51.132  INFO 47433 --- [main] org.apache.jasper.servlet.TldScanner     : At least one JAR was scanned for TLDs yet contained no TLDs. Enable debug logging for this logger for a complete list of JARs that were scanned but no TLDs were found in them. Skipping unneeded JARs during scanning can improve startup time and JSP compilation time.
2020-02-22 00:03:51.138  INFO 47433 --- [main] o.a.c.c.C.[Tomcat].[localhost].[/]       : Initializing Spring embedded WebApplicationContext
2020-02-22 00:03:51.138  INFO 47433 --- [main] o.s.web.context.ContextLoader            : Root WebApplicationContext: initialization completed in 728 ms
2020-02-22 00:03:51.607  INFO 47433 --- [main] o.s.s.concurrent.ThreadPoolTaskExecutor  : Initializing ExecutorService 'applicationTaskExecutor'
2020-02-22 00:03:51.643  INFO 47433 --- [main] o.s.b.a.w.s.WelcomePageHandlerMapping    : Adding welcome page: class path resource [templates/index.html]
2020-02-22 00:03:51.753  INFO 47433 --- [main] o.s.b.w.embedded.tomcat.TomcatWebServer  : Tomcat started on port(s): 8990 (http) with context path ''
2020-02-22 00:03:51.756  INFO 47433 --- [main] c.allwayz.freeseed.FreeseedApplication   : Started FreeseedApplication in 1.649 seconds (JVM running for 2.312)
2020-02-22 00:03:56.039  INFO 47433 --- [http-nio-8990-exec-1] o.a.c.c.C.[Tomcat].[localhost].[/]       : Initializing Spring DispatcherServlet 'dispatcherServlet'
2020-02-22 00:03:56.040  INFO 47433 --- [http-nio-8990-exec-1] o.s.web.servlet.DispatcherServlet        : Initializing Servlet 'dispatcherServlet'
2020-02-22 00:03:56.044  INFO 47433 --- [http-nio-8990-exec-1] o.s.web.servlet.DispatcherServlet        : Completed initialization in 4 ms
2020-02-22 00:04:21.690  INFO 47433 --- [http-nio-8990-exec-6] com.zaxxer.hikari.HikariDataSource       : HikariPool-1 - Starting...
2020-02-22 00:04:21.938  INFO 47433 --- [http-nio-8990-exec-6] com.zaxxer.hikari.HikariDataSource       : HikariPool-1 - Start completed.
2020-02-22 00:12:49.953  INFO 47433 --- [SpringContextShutdownHook] o.s.s.concurrent.ThreadPoolTaskExecutor  : Shutting down ExecutorService 'applicationTaskExecutor'
2020-02-22 00:12:49.969  INFO 47433 --- [SpringContextShutdownHook] com.zaxxer.hikari.HikariDataSource       : HikariPool-1 - Shutdown initiated...
2020-02-22 00:12:49.978  INFO 47433 --- [SpringContextShutdownHook] com.zaxxer.hikari.HikariDataSource       : HikariPool-1 - Shutdown completed.
2020-02-22 00:12:55.050  INFO 47657 --- [main] c.allwayz.freeseed.FreeseedApplication   : Starting FreeseedApplication on AllwayzdeiMac.local with PID 47657 (/Volumes/Macintosh/Document/git/FreeSeed/target/classes started by allwayz in /Volumes/Macintosh/Document/git/FreeSeed)
2020-02-22 00:12:55.053  INFO 47657 --- [main] c.allwayz.freeseed.FreeseedApplication   : No active profile set, falling back to default profiles: default
2020-02-22 00:12:55.386  WARN 47657 --- [main] o.m.s.mapper.ClassPathMapperScanner      : No MyBatis mapper was found in '[com.allwayz.freeseed]' package. Please check your configuration.
2020-02-22 00:12:55.703  INFO 47657 --- [main] o.s.b.w.embedded.tomcat.TomcatWebServer  : Tomcat initialized with port(s): 8990 (http)
2020-02-22 00:12:55.709  INFO 47657 --- [main] o.apache.catalina.core.StandardService   : Starting service [Tomcat]
2020-02-22 00:12:55.710  INFO 47657 --- [main] org.apache.catalina.core.StandardEngine  : Starting Servlet engine: [Apache Tomcat/9.0.30]
2020-02-22 00:12:55.847  INFO 47657 --- [main] org.apache.jasper.servlet.TldScanner     : At least one JAR was scanned for TLDs yet contained no TLDs. Enable debug logging for this logger for a complete list of JARs that were scanned but no TLDs were found in them. Skipping unneeded JARs during scanning can improve startup time and JSP compilation time.
2020-02-22 00:12:55.852  INFO 47657 --- [main] o.a.c.c.C.[Tomcat].[localhost].[/]       : Initializing Spring embedded WebApplicationContext
2020-02-22 00:12:55.852  INFO 47657 --- [main] o.s.web.context.ContextLoader            : Root WebApplicationContext: initialization completed in 773 ms
2020-02-22 00:12:56.307  INFO 47657 --- [main] o.s.s.concurrent.ThreadPoolTaskExecutor  : Initializing ExecutorService 'applicationTaskExecutor'
2020-02-22 00:12:56.341  INFO 47657 --- [main] o.s.b.a.w.s.WelcomePageHandlerMapping    : Adding welcome page: class path resource [templates/index.html]
2020-02-22 00:12:56.450  INFO 47657 --- [main] o.s.b.w.embedded.tomcat.TomcatWebServer  : Tomcat started on port(s): 8990 (http) with context path ''
2020-02-22 00:12:56.453  INFO 47657 --- [main] c.allwayz.freeseed.FreeseedApplication   : Started FreeseedApplication in 1.724 seconds (JVM running for 2.429)
2020-02-22 00:12:58.147  INFO 47657 --- [http-nio-8990-exec-1] o.a.c.c.C.[Tomcat].[localhost].[/]       : Initializing Spring DispatcherServlet 'dispatcherServlet'
2020-02-22 00:12:58.148  INFO 47657 --- [http-nio-8990-exec-1] o.s.web.servlet.DispatcherServlet        : Initializing Servlet 'dispatcherServlet'
2020-02-22 00:12:58.159  INFO 47657 --- [http-nio-8990-exec-1] o.s.web.servlet.DispatcherServlet        : Completed initialization in 11 ms
2020-02-22 00:13:11.899  INFO 47657 --- [SpringContextShutdownHook] o.s.s.concurrent.ThreadPoolTaskExecutor  : Shutting down ExecutorService 'applicationTaskExecutor'
2020-02-22 00:13:13.688  INFO 47670 --- [main] c.allwayz.freeseed.FreeseedApplication   : Starting FreeseedApplication on AllwayzdeiMac.local with PID 47670 (/Volumes/Macintosh/Document/git/FreeSeed/target/classes started by allwayz in /Volumes/Macintosh/Document/git/FreeSeed)
2020-02-22 00:13:13.689  INFO 47670 --- [main] c.allwayz.freeseed.FreeseedApplication   : No active profile set, falling back to default profiles: default
2020-02-22 00:13:13.991  WARN 47670 --- [main] o.m.s.mapper.ClassPathMapperScanner      : No MyBatis mapper was found in '[com.allwayz.freeseed]' package. Please check your configuration.
2020-02-22 00:13:14.260  INFO 47670 --- [main] o.s.b.w.embedded.tomcat.TomcatWebServer  : Tomcat initialized with port(s): 8990 (http)
2020-02-22 00:13:14.265  INFO 47670 --- [main] o.apache.catalina.core.StandardService   : Starting service [Tomcat]
2020-02-22 00:13:14.265  INFO 47670 --- [main] org.apache.catalina.core.StandardEngine  : Starting Servlet engine: [Apache Tomcat/9.0.30]
2020-02-22 00:13:14.391  INFO 47670 --- [main] org.apache.jasper.servlet.TldScanner     : At least one JAR was scanned for TLDs yet contained no TLDs. Enable debug logging for this logger for a complete list of JARs that were scanned but no TLDs were found in them. Skipping unneeded JARs during scanning can improve startup time and JSP compilation time.
2020-02-22 00:13:14.396  INFO 47670 --- [main] o.a.c.c.C.[Tomcat].[localhost].[/]       : Initializing Spring embedded WebApplicationContext
2020-02-22 00:13:14.396  INFO 47670 --- [main] o.s.web.context.ContextLoader            : Root WebApplicationContext: initialization completed in 685 ms
2020-02-22 00:13:14.814  INFO 47670 --- [main] o.s.s.concurrent.ThreadPoolTaskExecutor  : Initializing ExecutorService 'applicationTaskExecutor'
2020-02-22 00:13:14.846  INFO 47670 --- [main] o.s.b.a.w.s.WelcomePageHandlerMapping    : Adding welcome page: class path resource [templates/index.html]
2020-02-22 00:13:14.949  INFO 47670 --- [main] o.s.b.w.embedded.tomcat.TomcatWebServer  : Tomcat started on port(s): 8990 (http) with context path ''
2020-02-22 00:13:14.952  INFO 47670 --- [main] c.allwayz.freeseed.FreeseedApplication   : Started FreeseedApplication in 1.532 seconds (JVM running for 1.941)
2020-02-22 00:13:16.999  INFO 47670 --- [http-nio-8990-exec-1] o.a.c.c.C.[Tomcat].[localhost].[/]       : Initializing Spring DispatcherServlet 'dispatcherServlet'
2020-02-22 00:13:17.000  INFO 47670 --- [http-nio-8990-exec-1] o.s.web.servlet.DispatcherServlet        : Initializing Servlet 'dispatcherServlet'
2020-02-22 00:13:17.003  INFO 47670 --- [http-nio-8990-exec-1] o.s.web.servlet.DispatcherServlet        : Completed initialization in 3 ms
2020-02-22 00:41:56.279  INFO 47670 --- [SpringContextShutdownHook] o.s.s.concurrent.ThreadPoolTaskExecutor  : Shutting down ExecutorService 'applicationTaskExecutor'
2020-02-22 00:49:33.684  INFO 48060 --- [main] c.allwayz.freeseed.FreeseedApplication   : Starting FreeseedApplication on AllwayzdeiMac.local with PID 48060 (/Volumes/Macintosh/Document/git/FreeSeed/target/classes started by allwayz in /Volumes/Macintosh/Document/git/FreeSeed)
2020-02-22 00:49:33.686  INFO 48060 --- [main] c.allwayz.freeseed.FreeseedApplication   : No active profile set, falling back to default profiles: default
2020-02-22 00:49:34.009  WARN 48060 --- [main] o.m.s.mapper.ClassPathMapperScanner      : No MyBatis mapper was found in '[com.allwayz.freeseed]' package. Please check your configuration.
2020-02-22 00:49:34.377  INFO 48060 --- [main] o.s.b.w.embedded.tomcat.TomcatWebServer  : Tomcat initialized with port(s): 8990 (http)
2020-02-22 00:49:34.384  INFO 48060 --- [main] o.apache.catalina.core.StandardService   : Starting service [Tomcat]
2020-02-22 00:49:34.384  INFO 48060 --- [main] org.apache.catalina.core.StandardEngine  : Starting Servlet engine: [Apache Tomcat/9.0.30]
2020-02-22 00:49:34.528  INFO 48060 --- [main] org.apache.jasper.servlet.TldScanner     : At least one JAR was scanned for TLDs yet contained no TLDs. Enable debug logging for this logger for a complete list of JARs that were scanned but no TLDs were found in them. Skipping unneeded JARs during scanning can improve startup time and JSP compilation time.
2020-02-22 00:49:34.534  INFO 48060 --- [main] o.a.c.c.C.[Tomcat].[localhost].[/]       : Initializing Spring embedded WebApplicationContext
2020-02-22 00:49:34.534  INFO 48060 --- [main] o.s.web.context.ContextLoader            : Root WebApplicationContext: initialization completed in 827 ms
2020-02-22 00:49:35.021  INFO 48060 --- [main] o.s.s.concurrent.ThreadPoolTaskExecutor  : Initializing ExecutorService 'applicationTaskExecutor'
2020-02-22 00:49:35.055  INFO 48060 --- [main] o.s.b.a.w.s.WelcomePageHandlerMapping    : Adding welcome page: class path resource [templates/index.html]
2020-02-22 00:49:35.164  INFO 48060 --- [main] o.s.b.w.embedded.tomcat.TomcatWebServer  : Tomcat started on port(s): 8990 (http) with context path ''
2020-02-22 00:49:35.166  INFO 48060 --- [main] c.allwayz.freeseed.FreeseedApplication   : Started FreeseedApplication in 1.786 seconds (JVM running for 2.452)
2020-02-22 00:49:45.882  INFO 48060 --- [http-nio-8990-exec-1] o.a.c.c.C.[Tomcat].[localhost].[/]       : Initializing Spring DispatcherServlet 'dispatcherServlet'
2020-02-22 00:49:45.883  INFO 48060 --- [http-nio-8990-exec-1] o.s.web.servlet.DispatcherServlet        : Initializing Servlet 'dispatcherServlet'
2020-02-22 00:49:45.886  INFO 48060 --- [http-nio-8990-exec-1] o.s.web.servlet.DispatcherServlet        : Completed initialization in 3 ms
2020-02-22 00:50:19.475  INFO 48060 --- [SpringContextShutdownHook] o.s.s.concurrent.ThreadPoolTaskExecutor  : Shutting down ExecutorService 'applicationTaskExecutor'
2020-02-22 00:50:22.262  INFO 48080 --- [main] c.allwayz.freeseed.FreeseedApplication   : Starting FreeseedApplication on AllwayzdeiMac.local with PID 48080 (/Volumes/Macintosh/Document/git/FreeSeed/target/classes started by allwayz in /Volumes/Macintosh/Document/git/FreeSeed)
2020-02-22 00:50:22.264  INFO 48080 --- [main] c.allwayz.freeseed.FreeseedApplication   : No active profile set, falling back to default profiles: default
2020-02-22 00:50:22.630  WARN 48080 --- [main] o.m.s.mapper.ClassPathMapperScanner      : No MyBatis mapper was found in '[com.allwayz.freeseed]' package. Please check your configuration.
2020-02-22 00:50:22.925  INFO 48080 --- [main] o.s.b.w.embedded.tomcat.TomcatWebServer  : Tomcat initialized with port(s): 8990 (http)
2020-02-22 00:50:22.931  INFO 48080 --- [main] o.apache.catalina.core.StandardService   : Starting service [Tomcat]
2020-02-22 00:50:22.931  INFO 48080 --- [main] org.apache.catalina.core.StandardEngine  : Starting Servlet engine: [Apache Tomcat/9.0.30]
2020-02-22 00:50:23.070  INFO 48080 --- [main] org.apache.jasper.servlet.TldScanner     : At least one JAR was scanned for TLDs yet contained no TLDs. Enable debug logging for this logger for a complete list of JARs that were scanned but no TLDs were found in them. Skipping unneeded JARs during scanning can improve startup time and JSP compilation time.
2020-02-22 00:50:23.075  INFO 48080 --- [main] o.a.c.c.C.[Tomcat].[localhost].[/]       : Initializing Spring embedded WebApplicationContext
2020-02-22 00:50:23.076  INFO 48080 --- [main] o.s.web.context.ContextLoader            : Root WebApplicationContext: initialization completed in 788 ms
2020-02-22 00:50:23.513  INFO 48080 --- [main] o.s.s.concurrent.ThreadPoolTaskExecutor  : Initializing ExecutorService 'applicationTaskExecutor'
2020-02-22 00:50:23.546  INFO 48080 --- [main] o.s.b.a.w.s.WelcomePageHandlerMapping    : Adding welcome page: class path resource [templates/index.html]
2020-02-22 00:50:23.648  INFO 48080 --- [main] o.s.b.w.embedded.tomcat.TomcatWebServer  : Tomcat started on port(s): 8990 (http) with context path ''
2020-02-22 00:50:23.651  INFO 48080 --- [main] c.allwayz.freeseed.FreeseedApplication   : Started FreeseedApplication in 1.646 seconds (JVM running for 2.046)
2020-02-22 00:50:24.232  INFO 48080 --- [http-nio-8990-exec-1] o.a.c.c.C.[Tomcat].[localhost].[/]       : Initializing Spring DispatcherServlet 'dispatcherServlet'
2020-02-22 00:50:24.233  INFO 48080 --- [http-nio-8990-exec-1] o.s.web.servlet.DispatcherServlet        : Initializing Servlet 'dispatcherServlet'
2020-02-22 00:50:24.238  INFO 48080 --- [http-nio-8990-exec-1] o.s.web.servlet.DispatcherServlet        : Completed initialization in 4 ms
2020-02-22 00:59:12.620  INFO 48080 --- [SpringContextShutdownHook] o.s.s.concurrent.ThreadPoolTaskExecutor  : Shutting down ExecutorService 'applicationTaskExecutor'
2020-02-22 01:06:26.698  INFO 48224 --- [main] c.allwayz.freeseed.FreeseedApplication   : Starting FreeseedApplication on AllwayzdeiMac.local with PID 48224 (/Volumes/Macintosh/Document/git/FreeSeed/target/classes started by allwayz in /Volumes/Macintosh/Document/git/FreeSeed)
2020-02-22 01:06:26.700  INFO 48224 --- [main] c.allwayz.freeseed.FreeseedApplication   : No active profile set, falling back to default profiles: default
2020-02-22 01:06:27.025  WARN 48224 --- [main] o.m.s.mapper.ClassPathMapperScanner      : No MyBatis mapper was found in '[com.allwayz.freeseed]' package. Please check your configuration.
2020-02-22 01:06:27.276  INFO 48224 --- [main] o.s.b.w.embedded.tomcat.TomcatWebServer  : Tomcat initialized with port(s): 8990 (http)
2020-02-22 01:06:27.281  INFO 48224 --- [main] o.apache.catalina.core.StandardService   : Starting service [Tomcat]
2020-02-22 01:06:27.282  INFO 48224 --- [main] org.apache.catalina.core.StandardEngine  : Starting Servlet engine: [Apache Tomcat/9.0.30]
2020-02-22 01:06:27.419  INFO 48224 --- [main] org.apache.jasper.servlet.TldScanner     : At least one JAR was scanned for TLDs yet contained no TLDs. Enable debug logging for this logger for a complete list of JARs that were scanned but no TLDs were found in them. Skipping unneeded JARs during scanning can improve startup time and JSP compilation time.
2020-02-22 01:06:27.425  INFO 48224 --- [main] o.a.c.c.C.[Tomcat].[localhost].[/]       : Initializing Spring embedded WebApplicationContext
2020-02-22 01:06:27.425  INFO 48224 --- [main] o.s.web.context.ContextLoader            : Root WebApplicationContext: initialization completed in 695 ms
2020-02-22 01:06:27.835  INFO 48224 --- [main] o.s.s.concurrent.ThreadPoolTaskExecutor  : Initializing ExecutorService 'applicationTaskExecutor'
2020-02-22 01:06:27.866  INFO 48224 --- [main] o.s.b.a.w.s.WelcomePageHandlerMapping    : Adding welcome page: class path resource [templates/index.html]
2020-02-22 01:06:27.962  INFO 48224 --- [main] o.s.b.w.embedded.tomcat.TomcatWebServer  : Tomcat started on port(s): 8990 (http) with context path ''
2020-02-22 01:06:27.965  INFO 48224 --- [main] c.allwayz.freeseed.FreeseedApplication   : Started FreeseedApplication in 1.54 seconds (JVM running for 2.106)
2020-02-22 01:06:42.316  INFO 48224 --- [SpringContextShutdownHook] o.s.s.concurrent.ThreadPoolTaskExecutor  : Shutting down ExecutorService 'applicationTaskExecutor'
2020-02-22 01:26:26.299  INFO 48453 --- [main] c.allwayz.freeseed.FreeseedApplication   : Starting FreeseedApplication on AllwayzdeiMac.local with PID 48453 (/Volumes/Macintosh/Document/git/FreeSeed/target/classes started by allwayz in /Volumes/Macintosh/Document/git/FreeSeed)
2020-02-22 01:26:26.301  INFO 48453 --- [main] c.allwayz.freeseed.FreeseedApplication   : No active profile set, falling back to default profiles: default
2020-02-22 01:26:26.621  WARN 48453 --- [main] o.m.s.mapper.ClassPathMapperScanner      : No MyBatis mapper was found in '[com.allwayz.freeseed]' package. Please check your configuration.
2020-02-22 01:26:26.906  INFO 48453 --- [main] o.s.b.w.embedded.tomcat.TomcatWebServer  : Tomcat initialized with port(s): 8990 (http)
2020-02-22 01:26:26.913  INFO 48453 --- [main] o.apache.catalina.core.StandardService   : Starting service [Tomcat]
2020-02-22 01:26:26.913  INFO 48453 --- [main] org.apache.catalina.core.StandardEngine  : Starting Servlet engine: [Apache Tomcat/9.0.30]
2020-02-22 01:26:27.048  INFO 48453 --- [main] org.apache.jasper.servlet.TldScanner     : At least one JAR was scanned for TLDs yet contained no TLDs. Enable debug logging for this logger for a complete list of JARs that were scanned but no TLDs were found in them. Skipping unneeded JARs during scanning can improve startup time and JSP compilation time.
2020-02-22 01:26:27.053  INFO 48453 --- [main] o.a.c.c.C.[Tomcat].[localhost].[/]       : Initializing Spring embedded WebApplicationContext
2020-02-22 01:26:27.055  INFO 48453 --- [main] o.s.web.context.ContextLoader            : Root WebApplicationContext: initialization completed in 730 ms
2020-02-22 01:26:27.504  INFO 48453 --- [main] o.s.s.concurrent.ThreadPoolTaskExecutor  : Initializing ExecutorService 'applicationTaskExecutor'
2020-02-22 01:26:27.538  INFO 48453 --- [main] o.s.b.a.w.s.WelcomePageHandlerMapping    : Adding welcome page: class path resource [templates/index.html]
2020-02-22 01:26:27.650  INFO 48453 --- [main] o.s.b.w.embedded.tomcat.TomcatWebServer  : Tomcat started on port(s): 8990 (http) with context path ''
2020-02-22 01:26:27.653  INFO 48453 --- [main] c.allwayz.freeseed.FreeseedApplication   : Started FreeseedApplication in 1.747 seconds (JVM running for 2.531)
2020-02-22 01:26:31.197  INFO 48453 --- [http-nio-8990-exec-1] o.a.c.c.C.[Tomcat].[localhost].[/]       : Initializing Spring DispatcherServlet 'dispatcherServlet'
2020-02-22 01:26:31.198  INFO 48453 --- [http-nio-8990-exec-1] o.s.web.servlet.DispatcherServlet        : Initializing Servlet 'dispatcherServlet'
2020-02-22 01:26:31.202  INFO 48453 --- [http-nio-8990-exec-1] o.s.web.servlet.DispatcherServlet        : Completed initialization in 4 ms
2020-02-22 01:28:40.079  INFO 48453 --- [SpringContextShutdownHook] o.s.s.concurrent.ThreadPoolTaskExecutor  : Shutting down ExecutorService 'applicationTaskExecutor'
2020-02-22 01:28:42.893  INFO 48505 --- [main] c.allwayz.freeseed.FreeseedApplication   : Starting FreeseedApplication on AllwayzdeiMac.local with PID 48505 (/Volumes/Macintosh/Document/git/FreeSeed/target/classes started by allwayz in /Volumes/Macintosh/Document/git/FreeSeed)
2020-02-22 01:28:42.895  INFO 48505 --- [main] c.allwayz.freeseed.FreeseedApplication   : No active profile set, falling back to default profiles: default
2020-02-22 01:28:43.244  WARN 48505 --- [main] o.m.s.mapper.ClassPathMapperScanner      : No MyBatis mapper was found in '[com.allwayz.freeseed]' package. Please check your configuration.
2020-02-22 01:28:43.530  INFO 48505 --- [main] o.s.b.w.embedded.tomcat.TomcatWebServer  : Tomcat initialized with port(s): 8990 (http)
2020-02-22 01:28:43.535  INFO 48505 --- [main] o.apache.catalina.core.StandardService   : Starting service [Tomcat]
2020-02-22 01:28:43.536  INFO 48505 --- [main] org.apache.catalina.core.StandardEngine  : Starting Servlet engine: [Apache Tomcat/9.0.30]
2020-02-22 01:28:43.668  INFO 48505 --- [main] org.apache.jasper.servlet.TldScanner     : At least one JAR was scanned for TLDs yet contained no TLDs. Enable debug logging for this logger for a complete list of JARs that were scanned but no TLDs were found in them. Skipping unneeded JARs during scanning can improve startup time and JSP compilation time.
2020-02-22 01:28:43.674  INFO 48505 --- [main] o.a.c.c.C.[Tomcat].[localhost].[/]       : Initializing Spring embedded WebApplicationContext
2020-02-22 01:28:43.674  INFO 48505 --- [main] o.s.web.context.ContextLoader            : Root WebApplicationContext: initialization completed in 757 ms
2020-02-22 01:28:44.100  INFO 48505 --- [main] o.s.s.concurrent.ThreadPoolTaskExecutor  : Initializing ExecutorService 'applicationTaskExecutor'
2020-02-22 01:28:44.134  INFO 48505 --- [main] o.s.b.a.w.s.WelcomePageHandlerMapping    : Adding welcome page: class path resource [templates/index.html]
2020-02-22 01:28:44.245  INFO 48505 --- [main] o.s.b.w.embedded.tomcat.TomcatWebServer  : Tomcat started on port(s): 8990 (http) with context path ''
2020-02-22 01:28:44.247  INFO 48505 --- [main] c.allwayz.freeseed.FreeseedApplication   : Started FreeseedApplication in 1.617 seconds (JVM running for 2.032)
2020-02-22 01:28:58.366  INFO 48505 --- [http-nio-8990-exec-1] o.a.c.c.C.[Tomcat].[localhost].[/]       : Initializing Spring DispatcherServlet 'dispatcherServlet'
2020-02-22 01:28:58.368  INFO 48505 --- [http-nio-8990-exec-1] o.s.web.servlet.DispatcherServlet        : Initializing Servlet 'dispatcherServlet'
2020-02-22 01:28:58.373  INFO 48505 --- [http-nio-8990-exec-1] o.s.web.servlet.DispatcherServlet        : Completed initialization in 5 ms
2020-02-22 01:29:24.284  INFO 48505 --- [SpringContextShutdownHook] o.s.s.concurrent.ThreadPoolTaskExecutor  : Shutting down ExecutorService 'applicationTaskExecutor'
2020-02-22 01:29:26.241  INFO 48527 --- [main] c.allwayz.freeseed.FreeseedApplication   : Starting FreeseedApplication on AllwayzdeiMac.local with PID 48527 (/Volumes/Macintosh/Document/git/FreeSeed/target/classes started by allwayz in /Volumes/Macintosh/Document/git/FreeSeed)
2020-02-22 01:29:26.243  INFO 48527 --- [main] c.allwayz.freeseed.FreeseedApplication   : No active profile set, falling back to default profiles: default
2020-02-22 01:29:26.561  WARN 48527 --- [main] o.m.s.mapper.ClassPathMapperScanner      : No MyBatis mapper was found in '[com.allwayz.freeseed]' package. Please check your configuration.
2020-02-22 01:29:26.860  INFO 48527 --- [main] o.s.b.w.embedded.tomcat.TomcatWebServer  : Tomcat initialized with port(s): 8990 (http)
2020-02-22 01:29:26.866  INFO 48527 --- [main] o.apache.catalina.core.StandardService   : Starting service [Tomcat]
2020-02-22 01:29:26.867  INFO 48527 --- [main] org.apache.catalina.core.StandardEngine  : Starting Servlet engine: [Apache Tomcat/9.0.30]
2020-02-22 01:29:27.004  INFO 48527 --- [main] org.apache.jasper.servlet.TldScanner     : At least one JAR was scanned for TLDs yet contained no TLDs. Enable debug logging for this logger for a complete list of JARs that were scanned but no TLDs were found in them. Skipping unneeded JARs during scanning can improve startup time and JSP compilation time.
2020-02-22 01:29:27.009  INFO 48527 --- [main] o.a.c.c.C.[Tomcat].[localhost].[/]       : Initializing Spring embedded WebApplicationContext
2020-02-22 01:29:27.010  INFO 48527 --- [main] o.s.web.context.ContextLoader            : Root WebApplicationContext: initialization completed in 746 ms
2020-02-22 01:29:27.437  INFO 48527 --- [main] o.s.s.concurrent.ThreadPoolTaskExecutor  : Initializing ExecutorService 'applicationTaskExecutor'
2020-02-22 01:29:27.468  INFO 48527 --- [main] o.s.b.a.w.s.WelcomePageHandlerMapping    : Adding welcome page: class path resource [templates/index.html]
2020-02-22 01:29:27.569  INFO 48527 --- [main] o.s.b.w.embedded.tomcat.TomcatWebServer  : Tomcat started on port(s): 8990 (http) with context path ''
2020-02-22 01:29:27.572  INFO 48527 --- [main] c.allwayz.freeseed.FreeseedApplication   : Started FreeseedApplication in 1.606 seconds (JVM running for 2.187)
2020-02-22 01:29:31.161  INFO 48527 --- [http-nio-8990-exec-1] o.a.c.c.C.[Tomcat].[localhost].[/]       : Initializing Spring DispatcherServlet 'dispatcherServlet'
2020-02-22 01:29:31.162  INFO 48527 --- [http-nio-8990-exec-1] o.s.web.servlet.DispatcherServlet        : Initializing Servlet 'dispatcherServlet'
2020-02-22 01:29:31.165  INFO 48527 --- [http-nio-8990-exec-1] o.s.web.servlet.DispatcherServlet        : Completed initialization in 3 ms
2020-02-22 01:30:30.952  INFO 48527 --- [SpringContextShutdownHook] o.s.s.concurrent.ThreadPoolTaskExecutor  : Shutting down ExecutorService 'applicationTaskExecutor'
2020-02-22 01:30:32.738  INFO 48555 --- [main] c.allwayz.freeseed.FreeseedApplication   : Starting FreeseedApplication on AllwayzdeiMac.local with PID 48555 (/Volumes/Macintosh/Document/git/FreeSeed/target/classes started by allwayz in /Volumes/Macintosh/Document/git/FreeSeed)
2020-02-22 01:30:32.740  INFO 48555 --- [main] c.allwayz.freeseed.FreeseedApplication   : No active profile set, falling back to default profiles: default
2020-02-22 01:30:33.045  WARN 48555 --- [main] o.m.s.mapper.ClassPathMapperScanner      : No MyBatis mapper was found in '[com.allwayz.freeseed]' package. Please check your configuration.
2020-02-22 01:30:33.317  INFO 48555 --- [main] o.s.b.w.embedded.tomcat.TomcatWebServer  : Tomcat initialized with port(s): 8990 (http)
2020-02-22 01:30:33.323  INFO 48555 --- [main] o.apache.catalina.core.StandardService   : Starting service [Tomcat]
2020-02-22 01:30:33.323  INFO 48555 --- [main] org.apache.catalina.core.StandardEngine  : Starting Servlet engine: [Apache Tomcat/9.0.30]
2020-02-22 01:30:33.449  INFO 48555 --- [main] org.apache.jasper.servlet.TldScanner     : At least one JAR was scanned for TLDs yet contained no TLDs. Enable debug logging for this logger for a complete list of JARs that were scanned but no TLDs were found in them. Skipping unneeded JARs during scanning can improve startup time and JSP compilation time.
2020-02-22 01:30:33.455  INFO 48555 --- [main] o.a.c.c.C.[Tomcat].[localhost].[/]       : Initializing Spring embedded WebApplicationContext
2020-02-22 01:30:33.455  INFO 48555 --- [main] o.s.web.context.ContextLoader            : Root WebApplicationContext: initialization completed in 694 ms
2020-02-22 01:30:33.867  INFO 48555 --- [main] o.s.s.concurrent.ThreadPoolTaskExecutor  : Initializing ExecutorService 'applicationTaskExecutor'
2020-02-22 01:30:33.897  INFO 48555 --- [main] o.s.b.a.w.s.WelcomePageHandlerMapping    : Adding welcome page: class path resource [templates/index.html]
2020-02-22 01:30:33.990  INFO 48555 --- [main] o.s.b.w.embedded.tomcat.TomcatWebServer  : Tomcat started on port(s): 8990 (http) with context path ''
2020-02-22 01:30:33.993  INFO 48555 --- [main] c.allwayz.freeseed.FreeseedApplication   : Started FreeseedApplication in 1.515 seconds (JVM running for 1.938)
2020-02-22 01:30:34.817  INFO 48555 --- [http-nio-8990-exec-1] o.a.c.c.C.[Tomcat].[localhost].[/]       : Initializing Spring DispatcherServlet 'dispatcherServlet'
2020-02-22 01:30:34.818  INFO 48555 --- [http-nio-8990-exec-1] o.s.web.servlet.DispatcherServlet        : Initializing Servlet 'dispatcherServlet'
2020-02-22 01:30:34.821  INFO 48555 --- [http-nio-8990-exec-1] o.s.web.servlet.DispatcherServlet        : Completed initialization in 3 ms
2020-02-22 01:39:13.694  INFO 48555 --- [SpringContextShutdownHook] o.s.s.concurrent.ThreadPoolTaskExecutor  : Shutting down ExecutorService 'applicationTaskExecutor'
2020-02-22 01:39:15.755  INFO 48774 --- [main] c.allwayz.freeseed.FreeseedApplication   : Starting FreeseedApplication on AllwayzdeiMac.local with PID 48774 (/Volumes/Macintosh/Document/git/FreeSeed/target/classes started by allwayz in /Volumes/Macintosh/Document/git/FreeSeed)
2020-02-22 01:39:15.757  INFO 48774 --- [main] c.allwayz.freeseed.FreeseedApplication   : No active profile set, falling back to default profiles: default
2020-02-22 01:39:16.051  WARN 48774 --- [main] o.m.s.mapper.ClassPathMapperScanner      : No MyBatis mapper was found in '[com.allwayz.freeseed]' package. Please check your configuration.
2020-02-22 01:39:16.322  INFO 48774 --- [main] o.s.b.w.embedded.tomcat.TomcatWebServer  : Tomcat initialized with port(s): 8990 (http)
2020-02-22 01:39:16.327  INFO 48774 --- [main] o.apache.catalina.core.StandardService   : Starting service [Tomcat]
2020-02-22 01:39:16.327  INFO 48774 --- [main] org.apache.catalina.core.StandardEngine  : Starting Servlet engine: [Apache Tomcat/9.0.30]
2020-02-22 01:39:16.442  INFO 48774 --- [main] org.apache.jasper.servlet.TldScanner     : At least one JAR was scanned for TLDs yet contained no TLDs. Enable debug logging for this logger for a complete list of JARs that were scanned but no TLDs were found in them. Skipping unneeded JARs during scanning can improve startup time and JSP compilation time.
2020-02-22 01:39:16.448  INFO 48774 --- [main] o.a.c.c.C.[Tomcat].[localhost].[/]       : Initializing Spring embedded WebApplicationContext
2020-02-22 01:39:16.448  INFO 48774 --- [main] o.s.web.context.ContextLoader            : Root WebApplicationContext: initialization completed in 671 ms
2020-02-22 01:39:16.886  INFO 48774 --- [main] o.s.s.concurrent.ThreadPoolTaskExecutor  : Initializing ExecutorService 'applicationTaskExecutor'
2020-02-22 01:39:16.920  INFO 48774 --- [main] o.s.b.a.w.s.WelcomePageHandlerMapping    : Adding welcome page: class path resource [templates/index.html]
2020-02-22 01:39:17.026  INFO 48774 --- [main] o.s.b.w.embedded.tomcat.TomcatWebServer  : Tomcat started on port(s): 8990 (http) with context path ''
2020-02-22 01:39:17.029  INFO 48774 --- [main] c.allwayz.freeseed.FreeseedApplication   : Started FreeseedApplication in 1.555 seconds (JVM running for 2.185)
2020-02-22 01:39:17.890  INFO 48774 --- [http-nio-8990-exec-1] o.a.c.c.C.[Tomcat].[localhost].[/]       : Initializing Spring DispatcherServlet 'dispatcherServlet'
2020-02-22 01:39:17.891  INFO 48774 --- [http-nio-8990-exec-1] o.s.web.servlet.DispatcherServlet        : Initializing Servlet 'dispatcherServlet'
2020-02-22 01:39:17.895  INFO 48774 --- [http-nio-8990-exec-1] o.s.web.servlet.DispatcherServlet        : Completed initialization in 4 ms
2020-02-22 01:41:59.938  INFO 48774 --- [SpringContextShutdownHook] o.s.s.concurrent.ThreadPoolTaskExecutor  : Shutting down ExecutorService 'applicationTaskExecutor'
2020-02-22 01:42:01.969  INFO 48836 --- [main] c.allwayz.freeseed.FreeseedApplication   : Starting FreeseedApplication on AllwayzdeiMac.local with PID 48836 (/Volumes/Macintosh/Document/git/FreeSeed/target/classes started by allwayz in /Volumes/Macintosh/Document/git/FreeSeed)
2020-02-22 01:42:01.971  INFO 48836 --- [main] c.allwayz.freeseed.FreeseedApplication   : No active profile set, falling back to default profiles: default
2020-02-22 01:42:02.251  WARN 48836 --- [main] o.m.s.mapper.ClassPathMapperScanner      : No MyBatis mapper was found in '[com.allwayz.freeseed]' package. Please check your configuration.
2020-02-22 01:42:02.506  INFO 48836 --- [main] o.s.b.w.embedded.tomcat.TomcatWebServer  : Tomcat initialized with port(s): 8990 (http)
2020-02-22 01:42:02.511  INFO 48836 --- [main] o.apache.catalina.core.StandardService   : Starting service [Tomcat]
2020-02-22 01:42:02.512  INFO 48836 --- [main] org.apache.catalina.core.StandardEngine  : Starting Servlet engine: [Apache Tomcat/9.0.30]
2020-02-22 01:42:02.649  INFO 48836 --- [main] org.apache.jasper.servlet.TldScanner     : At least one JAR was scanned for TLDs yet contained no TLDs. Enable debug logging for this logger for a complete list of JARs that were scanned but no TLDs were found in them. Skipping unneeded JARs during scanning can improve startup time and JSP compilation time.
2020-02-22 01:42:02.655  INFO 48836 --- [main] o.a.c.c.C.[Tomcat].[localhost].[/]       : Initializing Spring embedded WebApplicationContext
2020-02-22 01:42:02.655  INFO 48836 --- [main] o.s.web.context.ContextLoader            : Root WebApplicationContext: initialization completed in 665 ms
2020-02-22 01:42:03.088  INFO 48836 --- [main] o.s.s.concurrent.ThreadPoolTaskExecutor  : Initializing ExecutorService 'applicationTaskExecutor'
2020-02-22 01:42:03.121  INFO 48836 --- [main] o.s.b.a.w.s.WelcomePageHandlerMapping    : Adding welcome page: class path resource [templates/index.html]
2020-02-22 01:42:03.239  INFO 48836 --- [main] o.s.b.w.embedded.tomcat.TomcatWebServer  : Tomcat started on port(s): 8990 (http) with context path ''
2020-02-22 01:42:03.242  INFO 48836 --- [main] c.allwayz.freeseed.FreeseedApplication   : Started FreeseedApplication in 1.552 seconds (JVM running for 2.225)
2020-02-22 01:42:07.364  INFO 48836 --- [http-nio-8990-exec-1] o.a.c.c.C.[Tomcat].[localhost].[/]       : Initializing Spring DispatcherServlet 'dispatcherServlet'
2020-02-22 01:42:07.365  INFO 48836 --- [http-nio-8990-exec-1] o.s.web.servlet.DispatcherServlet        : Initializing Servlet 'dispatcherServlet'
2020-02-22 01:42:07.369  INFO 48836 --- [http-nio-8990-exec-1] o.s.web.servlet.DispatcherServlet        : Completed initialization in 3 ms
2020-02-22 01:46:13.763  INFO 48836 --- [SpringContextShutdownHook] o.s.s.concurrent.ThreadPoolTaskExecutor  : Shutting down ExecutorService 'applicationTaskExecutor'
2020-02-22 01:46:15.769  INFO 48937 --- [main] c.allwayz.freeseed.FreeseedApplication   : Starting FreeseedApplication on AllwayzdeiMac.local with PID 48937 (/Volumes/Macintosh/Document/git/FreeSeed/target/classes started by allwayz in /Volumes/Macintosh/Document/git/FreeSeed)
2020-02-22 01:46:15.772  INFO 48937 --- [main] c.allwayz.freeseed.FreeseedApplication   : No active profile set, falling back to default profiles: default
2020-02-22 01:46:16.120  WARN 48937 --- [main] o.m.s.mapper.ClassPathMapperScanner      : No MyBatis mapper was found in '[com.allwayz.freeseed]' package. Please check your configuration.
2020-02-22 01:46:16.412  INFO 48937 --- [main] o.s.b.w.embedded.tomcat.TomcatWebServer  : Tomcat initialized with port(s): 8990 (http)
2020-02-22 01:46:16.418  INFO 48937 --- [main] o.apache.catalina.core.StandardService   : Starting service [Tomcat]
2020-02-22 01:46:16.419  INFO 48937 --- [main] org.apache.catalina.core.StandardEngine  : Starting Servlet engine: [Apache Tomcat/9.0.30]
2020-02-22 01:46:16.556  INFO 48937 --- [main] org.apache.jasper.servlet.TldScanner     : At least one JAR was scanned for TLDs yet contained no TLDs. Enable debug logging for this logger for a complete list of JARs that were scanned but no TLDs were found in them. Skipping unneeded JARs during scanning can improve startup time and JSP compilation time.
2020-02-22 01:46:16.562  INFO 48937 --- [main] o.a.c.c.C.[Tomcat].[localhost].[/]       : Initializing Spring embedded WebApplicationContext
2020-02-22 01:46:16.563  INFO 48937 --- [main] o.s.web.context.ContextLoader            : Root WebApplicationContext: initialization completed in 765 ms
2020-02-22 01:46:17.008  INFO 48937 --- [main] o.s.s.concurrent.ThreadPoolTaskExecutor  : Initializing ExecutorService 'applicationTaskExecutor'
2020-02-22 01:46:17.045  INFO 48937 --- [main] o.s.b.a.w.s.WelcomePageHandlerMapping    : Adding welcome page: class path resource [templates/index.html]
2020-02-22 01:46:17.158  INFO 48937 --- [main] o.s.b.w.embedded.tomcat.TomcatWebServer  : Tomcat started on port(s): 8990 (http) with context path ''
2020-02-22 01:46:17.161  INFO 48937 --- [main] c.allwayz.freeseed.FreeseedApplication   : Started FreeseedApplication in 1.729 seconds (JVM running for 2.373)
2020-02-22 01:46:18.384  INFO 48937 --- [http-nio-8990-exec-1] o.a.c.c.C.[Tomcat].[localhost].[/]       : Initializing Spring DispatcherServlet 'dispatcherServlet'
2020-02-22 01:46:18.385  INFO 48937 --- [http-nio-8990-exec-1] o.s.web.servlet.DispatcherServlet        : Initializing Servlet 'dispatcherServlet'
2020-02-22 01:46:18.388  INFO 48937 --- [http-nio-8990-exec-1] o.s.web.servlet.DispatcherServlet        : Completed initialization in 3 ms
2020-02-22 01:49:53.497  INFO 48937 --- [SpringContextShutdownHook] o.s.s.concurrent.ThreadPoolTaskExecutor  : Shutting down ExecutorService 'applicationTaskExecutor'
2020-02-22 01:49:55.587  INFO 49019 --- [main] c.allwayz.freeseed.FreeseedApplication   : Starting FreeseedApplication on AllwayzdeiMac.local with PID 49019 (/Volumes/Macintosh/Document/git/FreeSeed/target/classes started by allwayz in /Volumes/Macintosh/Document/git/FreeSeed)
2020-02-22 01:49:55.589  INFO 49019 --- [main] c.allwayz.freeseed.FreeseedApplication   : No active profile set, falling back to default profiles: default
2020-02-22 01:49:55.878  WARN 49019 --- [main] o.m.s.mapper.ClassPathMapperScanner      : No MyBatis mapper was found in '[com.allwayz.freeseed]' package. Please check your configuration.
2020-02-22 01:49:56.130  INFO 49019 --- [main] o.s.b.w.embedded.tomcat.TomcatWebServer  : Tomcat initialized with port(s): 8990 (http)
2020-02-22 01:49:56.135  INFO 49019 --- [main] o.apache.catalina.core.StandardService   : Starting service [Tomcat]
2020-02-22 01:49:56.136  INFO 49019 --- [main] org.apache.catalina.core.StandardEngine  : Starting Servlet engine: [Apache Tomcat/9.0.30]
2020-02-22 01:49:56.261  INFO 49019 --- [main] org.apache.jasper.servlet.TldScanner     : At least one JAR was scanned for TLDs yet contained no TLDs. Enable debug logging for this logger for a complete list of JARs that were scanned but no TLDs were found in them. Skipping unneeded JARs during scanning can improve startup time and JSP compilation time.
2020-02-22 01:49:56.268  INFO 49019 --- [main] o.a.c.c.C.[Tomcat].[localhost].[/]       : Initializing Spring embedded WebApplicationContext
2020-02-22 01:49:56.268  INFO 49019 --- [main] o.s.web.context.ContextLoader            : Root WebApplicationContext: initialization completed in 656 ms
2020-02-22 01:49:56.721  INFO 49019 --- [main] o.s.s.concurrent.ThreadPoolTaskExecutor  : Initializing ExecutorService 'applicationTaskExecutor'
2020-02-22 01:49:56.753  INFO 49019 --- [main] o.s.b.a.w.s.WelcomePageHandlerMapping    : Adding welcome page: class path resource [templates/index.html]
2020-02-22 01:49:56.851  INFO 49019 --- [main] o.s.b.w.embedded.tomcat.TomcatWebServer  : Tomcat started on port(s): 8990 (http) with context path ''
2020-02-22 01:49:56.854  INFO 49019 --- [main] c.allwayz.freeseed.FreeseedApplication   : Started FreeseedApplication in 1.626 seconds (JVM running for 2.253)
2020-02-22 01:49:57.337  INFO 49019 --- [http-nio-8990-exec-1] o.a.c.c.C.[Tomcat].[localhost].[/]       : Initializing Spring DispatcherServlet 'dispatcherServlet'
2020-02-22 01:49:57.338  INFO 49019 --- [http-nio-8990-exec-1] o.s.web.servlet.DispatcherServlet        : Initializing Servlet 'dispatcherServlet'
2020-02-22 01:49:57.342  INFO 49019 --- [http-nio-8990-exec-1] o.s.web.servlet.DispatcherServlet        : Completed initialization in 4 ms
2020-02-22 01:50:07.827  INFO 49019 --- [SpringContextShutdownHook] o.s.s.concurrent.ThreadPoolTaskExecutor  : Shutting down ExecutorService 'applicationTaskExecutor'
2020-02-22 01:50:09.581  INFO 49032 --- [main] c.allwayz.freeseed.FreeseedApplication   : Starting FreeseedApplication on AllwayzdeiMac.local with PID 49032 (/Volumes/Macintosh/Document/git/FreeSeed/target/classes started by allwayz in /Volumes/Macintosh/Document/git/FreeSeed)
2020-02-22 01:50:09.583  INFO 49032 --- [main] c.allwayz.freeseed.FreeseedApplication   : No active profile set, falling back to default profiles: default
2020-02-22 01:50:09.918  WARN 49032 --- [main] o.m.s.mapper.ClassPathMapperScanner      : No MyBatis mapper was found in '[com.allwayz.freeseed]' package. Please check your configuration.
2020-02-22 01:50:10.174  INFO 49032 --- [main] o.s.b.w.embedded.tomcat.TomcatWebServer  : Tomcat initialized with port(s): 8990 (http)
2020-02-22 01:50:10.180  INFO 49032 --- [main] o.apache.catalina.core.StandardService   : Starting service [Tomcat]
2020-02-22 01:50:10.180  INFO 49032 --- [main] org.apache.catalina.core.StandardEngine  : Starting Servlet engine: [Apache Tomcat/9.0.30]
2020-02-22 01:50:10.310  INFO 49032 --- [main] org.apache.jasper.servlet.TldScanner     : At least one JAR was scanned for TLDs yet contained no TLDs. Enable debug logging for this logger for a complete list of JARs that were scanned but no TLDs were found in them. Skipping unneeded JARs during scanning can improve startup time and JSP compilation time.
2020-02-22 01:50:10.315  INFO 49032 --- [main] o.a.c.c.C.[Tomcat].[localhost].[/]       : Initializing Spring embedded WebApplicationContext
2020-02-22 01:50:10.315  INFO 49032 --- [main] o.s.web.context.ContextLoader            : Root WebApplicationContext: initialization completed in 709 ms
2020-02-22 01:50:10.748  INFO 49032 --- [main] o.s.s.concurrent.ThreadPoolTaskExecutor  : Initializing ExecutorService 'applicationTaskExecutor'
2020-02-22 01:50:10.779  INFO 49032 --- [main] o.s.b.a.w.s.WelcomePageHandlerMapping    : Adding welcome page: class path resource [templates/index.html]
2020-02-22 01:50:10.881  INFO 49032 --- [main] o.s.b.w.embedded.tomcat.TomcatWebServer  : Tomcat started on port(s): 8990 (http) with context path ''
2020-02-22 01:50:10.884  INFO 49032 --- [main] c.allwayz.freeseed.FreeseedApplication   : Started FreeseedApplication in 1.57 seconds (JVM running for 1.996)
2020-02-22 01:50:11.000  INFO 49032 --- [http-nio-8990-exec-1] o.a.c.c.C.[Tomcat].[localhost].[/]       : Initializing Spring DispatcherServlet 'dispatcherServlet'
2020-02-22 01:50:11.001  INFO 49032 --- [http-nio-8990-exec-1] o.s.web.servlet.DispatcherServlet        : Initializing Servlet 'dispatcherServlet'
2020-02-22 01:50:11.004  INFO 49032 --- [http-nio-8990-exec-1] o.s.web.servlet.DispatcherServlet        : Completed initialization in 3 ms
2020-02-22 01:50:15.330  INFO 49032 --- [SpringContextShutdownHook] o.s.s.concurrent.ThreadPoolTaskExecutor  : Shutting down ExecutorService 'applicationTaskExecutor'
2020-02-22 01:50:17.110  INFO 49040 --- [main] c.allwayz.freeseed.FreeseedApplication   : Starting FreeseedApplication on AllwayzdeiMac.local with PID 49040 (/Volumes/Macintosh/Document/git/FreeSeed/target/classes started by allwayz in /Volumes/Macintosh/Document/git/FreeSeed)
2020-02-22 01:50:17.112  INFO 49040 --- [main] c.allwayz.freeseed.FreeseedApplication   : No active profile set, falling back to default profiles: default
2020-02-22 01:50:17.462  WARN 49040 --- [main] o.m.s.mapper.ClassPathMapperScanner      : No MyBatis mapper was found in '[com.allwayz.freeseed]' package. Please check your configuration.
2020-02-22 01:50:17.739  INFO 49040 --- [main] o.s.b.w.embedded.tomcat.TomcatWebServer  : Tomcat initialized with port(s): 8990 (http)
2020-02-22 01:50:17.745  INFO 49040 --- [main] o.apache.catalina.core.StandardService   : Starting service [Tomcat]
2020-02-22 01:50:17.745  INFO 49040 --- [main] org.apache.catalina.core.StandardEngine  : Starting Servlet engine: [Apache Tomcat/9.0.30]
2020-02-22 01:50:17.874  INFO 49040 --- [main] org.apache.jasper.servlet.TldScanner     : At least one JAR was scanned for TLDs yet contained no TLDs. Enable debug logging for this logger for a complete list of JARs that were scanned but no TLDs were found in them. Skipping unneeded JARs during scanning can improve startup time and JSP compilation time.
2020-02-22 01:50:17.880  INFO 49040 --- [main] o.a.c.c.C.[Tomcat].[localhost].[/]       : Initializing Spring embedded WebApplicationContext
2020-02-22 01:50:17.880  INFO 49040 --- [main] o.s.web.context.ContextLoader            : Root WebApplicationContext: initialization completed in 745 ms
2020-02-22 01:50:18.315  INFO 49040 --- [main] o.s.s.concurrent.ThreadPoolTaskExecutor  : Initializing ExecutorService 'applicationTaskExecutor'
2020-02-22 01:50:18.348  INFO 49040 --- [main] o.s.b.a.w.s.WelcomePageHandlerMapping    : Adding welcome page: class path resource [templates/index.html]
2020-02-22 01:50:18.467  INFO 49040 --- [main] o.s.b.w.embedded.tomcat.TomcatWebServer  : Tomcat started on port(s): 8990 (http) with context path ''
2020-02-22 01:50:18.470  INFO 49040 --- [main] c.allwayz.freeseed.FreeseedApplication   : Started FreeseedApplication in 1.622 seconds (JVM running for 2.039)
2020-02-22 01:50:19.702  INFO 49040 --- [http-nio-8990-exec-1] o.a.c.c.C.[Tomcat].[localhost].[/]       : Initializing Spring DispatcherServlet 'dispatcherServlet'
2020-02-22 01:50:19.703  INFO 49040 --- [http-nio-8990-exec-1] o.s.web.servlet.DispatcherServlet        : Initializing Servlet 'dispatcherServlet'
2020-02-22 01:50:19.707  INFO 49040 --- [http-nio-8990-exec-1] o.s.web.servlet.DispatcherServlet        : Completed initialization in 4 ms
2020-02-22 01:50:25.075  INFO 49040 --- [http-nio-8990-exec-3] com.zaxxer.hikari.HikariDataSource       : HikariPool-1 - Starting...
2020-02-22 01:50:25.320  INFO 49040 --- [http-nio-8990-exec-3] com.zaxxer.hikari.HikariDataSource       : HikariPool-1 - Start completed.
